<?xml version="1.0" encoding="UTF-8"?>
<!-- Generated by org.testng.reporters.JUnitReportReporter -->
<testsuite hostname="KetMayu" failures="0" tests="7" name="com.qa.Ecommerce.tests.LoginTest" time="26.967" errors="0" timestamp="2023-08-16T09:53:26 IST" skipped="0">
  <testcase classname="com.qa.Ecommerce.tests.LoginTest" name="loginwithValidCredential" time="4.177"/>
  <testcase classname="com.qa.Ecommerce.tests.LoginTest" name="loginwithValidCredential" time="4.014"/>
  <testcase classname="com.qa.Ecommerce.tests.LoginTest" name="loginwithValidCredential" time="4.125"/>
  <testcase classname="com.qa.Ecommerce.tests.LoginTest" name="loginWithInvalidCredential" time="3.889"/>
  <testcase classname="com.qa.Ecommerce.tests.LoginTest" name="LoginInvalidEmailWithValidPassword" time="3.575"/>
  <testcase classname="com.qa.Ecommerce.tests.LoginTest" name="loginValidEmailWithInvalidPassword" time="3.773"/>
  <testcase classname="com.qa.Ecommerce.tests.LoginTest" name="loginWithoutCredential" time="3.414"/>
</testsuite> <!-- com.qa.Ecommerce.tests.LoginTest -->
