<?xml version="1.0" encoding="UTF-8"?>
<!-- Generated by org.testng.reporters.JUnitReportReporter -->
<testsuite hostname="KetMayu" failures="0" tests="3" name="com.qa.Ecommerce.tests.RegisterTest" time="14.332" errors="0" timestamp="2023-08-11T00:30:00 IST" skipped="0">
  <testcase classname="com.qa.Ecommerce.tests.RegisterTest" name="registrationWithMandatoryFields" time="4.246"/>
  <testcase classname="com.qa.Ecommerce.tests.RegisterTest" name="registerWithAllField" time="4.451"/>
  <testcase classname="com.qa.Ecommerce.tests.RegisterTest" name="registerWithoutEnterAnyField" time="5.635"/>
</testsuite> <!-- com.qa.Ecommerce.tests.RegisterTest -->
