<?xml version="1.0" encoding="UTF-8"?>
<!-- Generated by org.testng.reporters.JUnitReportReporter -->
<testsuite hostname="KetMayu" failures="0" tests="7" name="com.qa.Ecommerce.tests.LoginTest" time="87.738" errors="0" timestamp="2023-08-11T00:30:00 IST" skipped="0">
  <testcase classname="com.qa.Ecommerce.tests.LoginTest" name="loginwithValidCredential" time="60.893"/>
  <testcase classname="com.qa.Ecommerce.tests.LoginTest" name="loginwithValidCredential" time="4.539"/>
  <testcase classname="com.qa.Ecommerce.tests.LoginTest" name="loginwithValidCredential" time="4.249"/>
  <testcase classname="com.qa.Ecommerce.tests.LoginTest" name="loginWithInvalidCredential" time="4.376"/>
  <testcase classname="com.qa.Ecommerce.tests.LoginTest" name="LoginInvalidEmailWithValidPassword" time="5.169"/>
  <testcase classname="com.qa.Ecommerce.tests.LoginTest" name="loginValidEmailWithInvalidPassword" time="4.822"/>
  <testcase classname="com.qa.Ecommerce.tests.LoginTest" name="loginWithoutCredential" time="3.690"/>
</testsuite> <!-- com.qa.Ecommerce.tests.LoginTest -->
