<?xml version="1.0" encoding="UTF-8"?>
<!-- Generated by org.testng.reporters.JUnitReportReporter -->
<testsuite hostname="KetMayu" failures="0" tests="5" name="com.qa.Ecommerce.tests.SearchTest" time="19.747" errors="0" timestamp="2023-08-16T09:53:26 IST" skipped="0">
  <testcase classname="com.qa.Ecommerce.tests.SearchTest" name="searchWithExistingProduct" time="3.643"/>
  <testcase classname="com.qa.Ecommerce.tests.SearchTest" name="searchWithNonExistingProduct" time="3.740"/>
  <testcase classname="com.qa.Ecommerce.tests.SearchTest" name="searchProductAfterLogin" time="4.769"/>
  <testcase classname="com.qa.Ecommerce.tests.SearchTest" name="searchProductWithoutProductName" time="3.317"/>
  <testcase classname="com.qa.Ecommerce.tests.SearchTest" name="searchBoxWithButtonAvailableonAllPage" time="4.278"/>
</testsuite> <!-- com.qa.Ecommerce.tests.SearchTest -->
