<?xml version="1.0" encoding="UTF-8"?>
<!-- Generated by org.testng.reporters.JUnitReportReporter -->
<testsuite hostname="KetMayu" failures="0" tests="3" name="com.qa.Ecommerce.tests.ForgetPasswordTest" time="14.286" errors="0" timestamp="2023-08-16T09:53:26 IST" skipped="0">
  <testcase classname="com.qa.Ecommerce.tests.ForgetPasswordTest" name="verifyForgetPassWorking" time="5.801"/>
  <testcase classname="com.qa.Ecommerce.tests.ForgetPasswordTest" name="verifyForgetPasswordWithoutExistingAccount" time="4.270"/>
  <testcase classname="com.qa.Ecommerce.tests.ForgetPasswordTest" name="verifyForgetPasswordFromLoginPageColoum" time="4.215"/>
</testsuite> <!-- com.qa.Ecommerce.tests.ForgetPasswordTest -->
