<?xml version="1.0" encoding="UTF-8"?>
<!-- Generated by org.testng.reporters.JUnitReportReporter -->
<testsuite hostname="KetMayu" failures="0" tests="3" name="com.qa.Ecommerce.tests.RegisterTest" time="17.971" errors="0" timestamp="2023-08-16T09:53:26 IST" skipped="0">
  <testcase classname="com.qa.Ecommerce.tests.RegisterTest" name="registrationWithMandatoryFields" time="5.337"/>
  <testcase classname="com.qa.Ecommerce.tests.RegisterTest" name="registerWithAllField" time="5.342"/>
  <testcase classname="com.qa.Ecommerce.tests.RegisterTest" name="registerWithoutEnterAnyField" time="7.292"/>
</testsuite> <!-- com.qa.Ecommerce.tests.RegisterTest -->
