<?xml version="1.0" encoding="UTF-8"?>
<!-- Generated by org.testng.reporters.JUnitReportReporter -->
<testsuite hostname="KetMayu" failures="0" tests="5" name="com.qa.Ecommerce.tests.SearchTest" time="16.383" errors="0" timestamp="2023-08-11T00:30:00 IST" skipped="0">
  <testcase classname="com.qa.Ecommerce.tests.SearchTest" name="searchWithExistingProduct" time="3.175"/>
  <testcase classname="com.qa.Ecommerce.tests.SearchTest" name="searchWithNonExistingProduct" time="3.066"/>
  <testcase classname="com.qa.Ecommerce.tests.SearchTest" name="searchProductAfterLogin" time="3.917"/>
  <testcase classname="com.qa.Ecommerce.tests.SearchTest" name="searchProductWithoutProductName" time="2.844"/>
  <testcase classname="com.qa.Ecommerce.tests.SearchTest" name="searchBoxWithButtonAvailableonAllPage" time="3.381"/>
</testsuite> <!-- com.qa.Ecommerce.tests.SearchTest -->
